<?xml version="1.0" encoding="windows-1252" standalone="no"?>
<!DOCTYPE log SYSTEM "logger.dtd">
<log>
<record>
  <date>2018-10-26T23:51:39</date>
  <millis>1540619499798</millis>
  <sequence>0</sequence>
  <logger>bitacora.Bitacora</logger>
  <level>INFO</level>
  <class>Logica.Launcher</class>
  <method>main</method>
  <thread>1</thread>
  <message>Inicia partida</message>
</record>
<record>
  <date>2018-10-26T23:51:39</date>
  <millis>1540619499822</millis>
  <sequence>1</sequence>
  <logger>bitacora.Bitacora</logger>
  <level>INFO</level>
  <class>Logica.Launcher</class>
  <method>main</method>
  <thread>1</thread>
  <message>Llamadas a los componentes del sistema</message>
</record>
<record>
  <date>2018-10-26T23:51:39</date>
  <millis>1540619499823</millis>
  <sequence>2</sequence>
  <logger>bitacora.Bitacora</logger>
  <level>INFO</level>
  <class>Logica.Launcher</class>
  <method>main</method>
  <thread>1</thread>
  <message>Probando manejo de excepciones</message>
</record>
<record>
  <date>2018-10-26T23:51:39</date>
  <millis>1540619499825</millis>
  <sequence>3</sequence>
  <logger>bitacora.Bitacora</logger>
  <level>SEVERE</level>
  <class>Logica.Launcher</class>
  <method>main</method>
  <thread>1</thread>
  <message>java.lang.Exception: ERROR DE CONTROL DE FLUJO DE PROGRAMA
	at Logica.Launcher.main(Launcher.java:75)
</message>
</record>
<record>
  <date>2018-10-26T23:51:40</date>
  <millis>1540619500638</millis>
  <sequence>4</sequence>
  <logger>bitacora.subnivel.Control</logger>
  <level>INFO</level>
  <class>bitacora.subnivel.LoggerDragon</class>
  <method>dragonNuevo</method>
  <thread>12</thread>
  <message>Creación Dragón de tipo: Capitan</message>
</record>
<record>
  <date>2018-10-26T23:51:40</date>
  <millis>1540619500640</millis>
  <sequence>5</sequence>
  <logger>bitacora.subnivel.Control</logger>
  <level>INFO</level>
  <class>bitacora.subnivel.LoggerDragon</class>
  <method>dragonNuevo</method>
  <thread>12</thread>
  <message>Creación Dragón de tipo: Comandante</message>
</record>
<record>
  <date>2018-10-26T23:51:40</date>
  <millis>1540619500641</millis>
  <sequence>6</sequence>
  <logger>bitacora.subnivel.Control</logger>
  <level>INFO</level>
  <class>bitacora.subnivel.LoggerDragon</class>
  <method>dragonNuevo</method>
  <thread>12</thread>
  <message>Creación Dragón de tipo: Infanteria</message>
</record>
<record>
  <date>2018-10-26T23:51:40</date>
  <millis>1540619500641</millis>
  <sequence>7</sequence>
  <logger>bitacora.subnivel.Control</logger>
  <level>INFO</level>
  <class>bitacora.subnivel.LoggerDragon</class>
  <method>dragonNuevo</method>
  <thread>12</thread>
  <message>Creación Dragón de tipo: Capitan</message>
</record>
<record>
  <date>2018-10-26T23:51:40</date>
  <millis>1540619500642</millis>
  <sequence>8</sequence>
  <logger>bitacora.subnivel.Control</logger>
  <level>INFO</level>
  <class>bitacora.subnivel.LoggerDragon</class>
  <method>dragonNuevo</method>
  <thread>12</thread>
  <message>Creación Dragón de tipo: Comandante</message>
</record>
<record>
  <date>2018-10-26T23:51:40</date>
  <millis>1540619500643</millis>
  <sequence>9</sequence>
  <logger>bitacora.subnivel.Control</logger>
  <level>INFO</level>
  <class>bitacora.subnivel.LoggerDragon</class>
  <method>dragonNuevo</method>
  <thread>12</thread>
  <message>Creación Dragón de tipo: Capitan</message>
</record>
<record>
  <date>2018-10-26T23:51:40</date>
  <millis>1540619500643</millis>
  <sequence>10</sequence>
  <logger>bitacora.subnivel.Control</logger>
  <level>INFO</level>
  <class>bitacora.subnivel.LoggerDragon</class>
  <method>dragonNuevo</method>
  <thread>12</thread>
  <message>Creación Dragón de tipo: Comandante</message>
</record>
<record>
  <date>2018-10-26T23:51:40</date>
  <millis>1540619500644</millis>
  <sequence>11</sequence>
  <logger>bitacora.subnivel.Control</logger>
  <level>INFO</level>
  <class>bitacora.subnivel.LoggerDragon</class>
  <method>dragonNuevo</method>
  <thread>12</thread>
  <message>Creación Dragón de tipo: Infanteria</message>
</record>
<record>
  <date>2018-10-26T23:51:40</date>
  <millis>1540619500645</millis>
  <sequence>12</sequence>
  <logger>bitacora.subnivel.Control</logger>
  <level>INFO</level>
  <class>bitacora.subnivel.LoggerDragon</class>
  <method>dragonNuevo</method>
  <thread>12</thread>
  <message>Creación Dragón de tipo: Capitan</message>
</record>
<record>
  <date>2018-10-26T23:51:40</date>
  <millis>1540619500645</millis>
  <sequence>13</sequence>
  <logger>bitacora.subnivel.Control</logger>
  <level>INFO</level>
  <class>bitacora.subnivel.LoggerDragon</class>
  <method>dragonNuevo</method>
  <thread>12</thread>
  <message>Creación Dragón de tipo: Comandante</message>
</record>
<record>
  <date>2018-10-26T23:51:40</date>
  <millis>1540619500646</millis>
  <sequence>14</sequence>
  <logger>bitacora.subnivel.Control</logger>
  <level>INFO</level>
  <class>bitacora.subnivel.LoggerDragon</class>
  <method>dragonNuevo</method>
  <thread>12</thread>
  <message>Creación Dragón de tipo: Capitan</message>
</record>
<record>
  <date>2018-10-26T23:51:40</date>
  <millis>1540619500646</millis>
  <sequence>15</sequence>
  <logger>bitacora.subnivel.Control</logger>
  <level>INFO</level>
  <class>bitacora.subnivel.LoggerDragon</class>
  <method>dragonNuevo</method>
  <thread>12</thread>
  <message>Creación Dragón de tipo: Comandante</message>
</record>
<record>
  <date>2018-10-26T23:51:40</date>
  <millis>1540619500647</millis>
  <sequence>16</sequence>
  <logger>bitacora.subnivel.Control</logger>
  <level>INFO</level>
  <class>bitacora.subnivel.LoggerDragon</class>
  <method>dragonNuevo</method>
  <thread>12</thread>
  <message>Creación Dragón de tipo: Infanteria</message>
</record>
<record>
  <date>2018-10-26T23:51:40</date>
  <millis>1540619500648</millis>
  <sequence>17</sequence>
  <logger>bitacora.subnivel.Control</logger>
  <level>INFO</level>
  <class>bitacora.subnivel.LoggerDragon</class>
  <method>dragonNuevo</method>
  <thread>12</thread>
  <message>Creación Dragón de tipo: Capitan</message>
</record>
<record>
  <date>2018-10-26T23:51:40</date>
  <millis>1540619500648</millis>
  <sequence>18</sequence>
  <logger>bitacora.subnivel.Control</logger>
  <level>INFO</level>
  <class>bitacora.subnivel.LoggerDragon</class>
  <method>dragonNuevo</method>
  <thread>12</thread>
  <message>Creación Dragón de tipo: Comandante</message>
</record>
<record>
  <date>2018-10-26T23:51:40</date>
  <millis>1540619500649</millis>
  <sequence>19</sequence>
  <logger>bitacora.subnivel.Control</logger>
  <level>INFO</level>
  <class>bitacora.subnivel.LoggerDragon</class>
  <method>dragonNuevo</method>
  <thread>12</thread>
  <message>Creación Dragón de tipo: Capitan</message>
</record>
<record>
  <date>2018-10-26T23:51:40</date>
  <millis>1540619500650</millis>
  <sequence>20</sequence>
  <logger>bitacora.subnivel.Control</logger>
  <level>INFO</level>
  <class>bitacora.subnivel.LoggerDragon</class>
  <method>dragonNuevo</method>
  <thread>12</thread>
  <message>Creación Dragón de tipo: Comandante</message>
</record>
<record>
  <date>2018-10-26T23:51:40</date>
  <millis>1540619500650</millis>
  <sequence>21</sequence>
  <logger>bitacora.subnivel.Control</logger>
  <level>INFO</level>
  <class>bitacora.subnivel.LoggerDragon</class>
  <method>dragonNuevo</method>
  <thread>12</thread>
  <message>Creación Dragón de tipo: Infanteria</message>
</record>
<record>
  <date>2018-10-26T23:51:40</date>
  <millis>1540619500651</millis>
  <sequence>22</sequence>
  <logger>bitacora.subnivel.Control</logger>
  <level>INFO</level>
  <class>bitacora.subnivel.LoggerDragon</class>
  <method>dragonNuevo</method>
  <thread>12</thread>
  <message>Creación Dragón de tipo: Capitan</message>
</record>
<record>
  <date>2018-10-26T23:51:40</date>
  <millis>1540619500652</millis>
  <sequence>23</sequence>
  <logger>bitacora.subnivel.Control</logger>
  <level>INFO</level>
  <class>bitacora.subnivel.LoggerDragon</class>
  <method>dragonNuevo</method>
  <thread>12</thread>
  <message>Creación Dragón de tipo: Comandante</message>
</record>
<record>
  <date>2018-10-26T23:51:40</date>
  <millis>1540619500652</millis>
  <sequence>24</sequence>
  <logger>bitacora.subnivel.Control</logger>
  <level>INFO</level>
  <class>bitacora.subnivel.LoggerDragon</class>
  <method>dragonNuevo</method>
  <thread>12</thread>
  <message>Creación Dragón de tipo: Capitan</message>
</record>
<record>
  <date>2018-10-26T23:51:40</date>
  <millis>1540619500653</millis>
  <sequence>25</sequence>
  <logger>bitacora.subnivel.Control</logger>
  <level>INFO</level>
  <class>bitacora.subnivel.LoggerDragon</class>
  <method>dragonNuevo</method>
  <thread>12</thread>
  <message>Creación Dragón de tipo: Comandante</message>
</record>
<record>
  <date>2018-10-26T23:51:40</date>
  <millis>1540619500653</millis>
  <sequence>26</sequence>
  <logger>bitacora.subnivel.Control</logger>
  <level>INFO</level>
  <class>bitacora.subnivel.LoggerDragon</class>
  <method>dragonNuevo</method>
  <thread>12</thread>
  <message>Creación Dragón de tipo: Infanteria</message>
</record>
<record>
  <date>2018-10-26T23:51:40</date>
  <millis>1540619500654</millis>
  <sequence>27</sequence>
  <logger>bitacora.subnivel.Control</logger>
  <level>INFO</level>
  <class>bitacora.subnivel.LoggerDragon</class>
  <method>dragonNuevo</method>
  <thread>12</thread>
  <message>Creación Dragón de tipo: Capitan</message>
</record>
<record>
  <date>2018-10-26T23:51:40</date>
  <millis>1540619500654</millis>
  <sequence>28</sequence>
  <logger>bitacora.subnivel.Control</logger>
  <level>INFO</level>
  <class>bitacora.subnivel.LoggerDragon</class>
  <method>dragonNuevo</method>
  <thread>12</thread>
  <message>Creación Dragón de tipo: Comandante</message>
</record>
<record>
  <date>2018-10-26T23:51:40</date>
  <millis>1540619500655</millis>
  <sequence>29</sequence>
  <logger>bitacora.subnivel.Control</logger>
  <level>INFO</level>
  <class>bitacora.subnivel.LoggerDragon</class>
  <method>dragonNuevo</method>
  <thread>12</thread>
  <message>Creación Dragón de tipo: Capitan</message>
</record>
<record>
  <date>2018-10-26T23:51:40</date>
  <millis>1540619500655</millis>
  <sequence>30</sequence>
  <logger>bitacora.subnivel.Control</logger>
  <level>INFO</level>
  <class>bitacora.subnivel.LoggerDragon</class>
  <method>dragonNuevo</method>
  <thread>12</thread>
  <message>Creación Dragón de tipo: Comandante</message>
</record>
<record>
  <date>2018-10-26T23:51:40</date>
  <millis>1540619500656</millis>
  <sequence>31</sequence>
  <logger>bitacora.subnivel.Control</logger>
  <level>INFO</level>
  <class>bitacora.subnivel.LoggerDragon</class>
  <method>dragonNuevo</method>
  <thread>12</thread>
  <message>Creación Dragón de tipo: Infanteria</message>
</record>
<record>
  <date>2018-10-26T23:51:40</date>
  <millis>1540619500656</millis>
  <sequence>32</sequence>
  <logger>bitacora.subnivel.Control</logger>
  <level>INFO</level>
  <class>bitacora.subnivel.LoggerDragon</class>
  <method>dragonNuevo</method>
  <thread>12</thread>
  <message>Creación Dragón de tipo: Capitan</message>
</record>
<record>
  <date>2018-10-26T23:51:40</date>
  <millis>1540619500657</millis>
  <sequence>33</sequence>
  <logger>bitacora.subnivel.Control</logger>
  <level>INFO</level>
  <class>bitacora.subnivel.LoggerDragon</class>
  <method>dragonNuevo</method>
  <thread>12</thread>
  <message>Creación Dragón de tipo: Comandante</message>
</record>
<record>
  <date>2018-10-26T23:51:40</date>
  <millis>1540619500657</millis>
  <sequence>34</sequence>
  <logger>bitacora.subnivel.Control</logger>
  <level>INFO</level>
  <class>bitacora.subnivel.LoggerDragon</class>
  <method>dragonNuevo</method>
  <thread>12</thread>
  <message>Creación Dragón de tipo: Capitan</message>
</record>
<record>
  <date>2018-10-26T23:51:40</date>
  <millis>1540619500658</millis>
  <sequence>35</sequence>
  <logger>bitacora.subnivel.Control</logger>
  <level>INFO</level>
  <class>bitacora.subnivel.LoggerDragon</class>
  <method>dragonNuevo</method>
  <thread>12</thread>
  <message>Creación Dragón de tipo: Comandante</message>
</record>
<record>
  <date>2018-10-26T23:51:40</date>
  <millis>1540619500659</millis>
  <sequence>36</sequence>
  <logger>bitacora.subnivel.Control</logger>
  <level>INFO</level>
  <class>bitacora.subnivel.LoggerDragon</class>
  <method>dragonNuevo</method>
  <thread>12</thread>
  <message>Creación Dragón de tipo: Infanteria</message>
</record>
<record>
  <date>2018-10-26T23:51:40</date>
  <millis>1540619500659</millis>
  <sequence>37</sequence>
  <logger>bitacora.subnivel.Control</logger>
  <level>INFO</level>
  <class>bitacora.subnivel.LoggerDragon</class>
  <method>dragonNuevo</method>
  <thread>12</thread>
  <message>Creación Dragón de tipo: Capitan</message>
</record>
<record>
  <date>2018-10-26T23:51:40</date>
  <millis>1540619500660</millis>
  <sequence>38</sequence>
  <logger>bitacora.subnivel.Control</logger>
  <level>INFO</level>
  <class>bitacora.subnivel.LoggerDragon</class>
  <method>dragonNuevo</method>
  <thread>12</thread>
  <message>Creación Dragón de tipo: Comandante</message>
</record>
<record>
  <date>2018-10-26T23:51:40</date>
  <millis>1540619500660</millis>
  <sequence>39</sequence>
  <logger>bitacora.subnivel.Control</logger>
  <level>INFO</level>
  <class>bitacora.subnivel.LoggerDragon</class>
  <method>dragonNuevo</method>
  <thread>12</thread>
  <message>Creación Dragón de tipo: Capitan</message>
</record>
<record>
  <date>2018-10-26T23:51:40</date>
  <millis>1540619500661</millis>
  <sequence>40</sequence>
  <logger>bitacora.subnivel.Control</logger>
  <level>INFO</level>
  <class>bitacora.subnivel.LoggerDragon</class>
  <method>dragonNuevo</method>
  <thread>12</thread>
  <message>Creación Dragón de tipo: Comandante</message>
</record>
<record>
  <date>2018-10-26T23:51:40</date>
  <millis>1540619500661</millis>
  <sequence>41</sequence>
  <logger>bitacora.subnivel.Control</logger>
  <level>INFO</level>
  <class>bitacora.subnivel.LoggerDragon</class>
  <method>dragonNuevo</method>
  <thread>12</thread>
  <message>Creación Dragón de tipo: Infanteria</message>
</record>
<record>
  <date>2018-10-26T23:51:40</date>
  <millis>1540619500662</millis>
  <sequence>42</sequence>
  <logger>bitacora.subnivel.Control</logger>
  <level>INFO</level>
  <class>bitacora.subnivel.LoggerDragon</class>
  <method>dragonNuevo</method>
  <thread>12</thread>
  <message>Creación Dragón de tipo: Capitan</message>
</record>
<record>
  <date>2018-10-26T23:51:40</date>
  <millis>1540619500662</millis>
  <sequence>43</sequence>
  <logger>bitacora.subnivel.Control</logger>
  <level>INFO</level>
  <class>bitacora.subnivel.LoggerDragon</class>
  <method>dragonNuevo</method>
  <thread>12</thread>
  <message>Creación Dragón de tipo: Comandante</message>
</record>
<record>
  <date>2018-10-26T23:51:40</date>
  <millis>1540619500663</millis>
  <sequence>44</sequence>
  <logger>bitacora.subnivel.Control</logger>
  <level>INFO</level>
  <class>bitacora.subnivel.LoggerDragon</class>
  <method>dragonNuevo</method>
  <thread>12</thread>
  <message>Creación Dragón de tipo: Capitan</message>
</record>
<record>
  <date>2018-10-26T23:51:40</date>
  <millis>1540619500664</millis>
  <sequence>45</sequence>
  <logger>bitacora.subnivel.Control</logger>
  <level>INFO</level>
  <class>bitacora.subnivel.LoggerDragon</class>
  <method>dragonNuevo</method>
  <thread>12</thread>
  <message>Creación Dragón de tipo: Comandante</message>
</record>
<record>
  <date>2018-10-26T23:51:40</date>
  <millis>1540619500664</millis>
  <sequence>46</sequence>
  <logger>bitacora.subnivel.Control</logger>
  <level>INFO</level>
  <class>bitacora.subnivel.LoggerDragon</class>
  <method>dragonNuevo</method>
  <thread>12</thread>
  <message>Creación Dragón de tipo: Infanteria</message>
</record>
<record>
  <date>2018-10-26T23:51:40</date>
  <millis>1540619500665</millis>
  <sequence>47</sequence>
  <logger>bitacora.subnivel.Control</logger>
  <level>INFO</level>
  <class>bitacora.subnivel.LoggerDragon</class>
  <method>dragonNuevo</method>
  <thread>12</thread>
  <message>Creación Dragón de tipo: Capitan</message>
</record>
<record>
  <date>2018-10-26T23:51:40</date>
  <millis>1540619500665</millis>
  <sequence>48</sequence>
  <logger>bitacora.subnivel.Control</logger>
  <level>INFO</level>
  <class>bitacora.subnivel.LoggerDragon</class>
  <method>dragonNuevo</method>
  <thread>12</thread>
  <message>Creación Dragón de tipo: Comandante</message>
</record>
<record>
  <date>2018-10-26T23:51:40</date>
  <millis>1540619500665</millis>
  <sequence>49</sequence>
  <logger>bitacora.subnivel.Control</logger>
  <level>INFO</level>
  <class>bitacora.subnivel.LoggerDragon</class>
  <method>dragonNuevo</method>
  <thread>12</thread>
  <message>Creación Dragón de tipo: Capitan</message>
</record>
<record>
  <date>2018-10-26T23:51:40</date>
  <millis>1540619500666</millis>
  <sequence>50</sequence>
  <logger>bitacora.subnivel.Control</logger>
  <level>INFO</level>
  <class>bitacora.subnivel.LoggerDragon</class>
  <method>dragonNuevo</method>
  <thread>12</thread>
  <message>Creación Dragón de tipo: Comandante</message>
</record>
<record>
  <date>2018-10-26T23:51:40</date>
  <millis>1540619500666</millis>
  <sequence>51</sequence>
  <logger>bitacora.subnivel.Control</logger>
  <level>INFO</level>
  <class>bitacora.subnivel.LoggerDragon</class>
  <method>dragonNuevo</method>
  <thread>12</thread>
  <message>Creación Dragón de tipo: Infanteria</message>
</record>
<record>
  <date>2018-10-26T23:51:40</date>
  <millis>1540619500667</millis>
  <sequence>52</sequence>
  <logger>bitacora.subnivel.Control</logger>
  <level>INFO</level>
  <class>bitacora.subnivel.LoggerDragon</class>
  <method>dragonNuevo</method>
  <thread>12</thread>
  <message>Creación Dragón de tipo: Capitan</message>
</record>
<record>
  <date>2018-10-26T23:51:40</date>
  <millis>1540619500667</millis>
  <sequence>53</sequence>
  <logger>bitacora.subnivel.Control</logger>
  <level>INFO</level>
  <class>bitacora.subnivel.LoggerDragon</class>
  <method>dragonNuevo</method>
  <thread>12</thread>
  <message>Creación Dragón de tipo: Comandante</message>
</record>
<record>
  <date>2018-10-26T23:51:40</date>
  <millis>1540619500668</millis>
  <sequence>54</sequence>
  <logger>bitacora.subnivel.Control</logger>
  <level>INFO</level>
  <class>bitacora.subnivel.LoggerDragon</class>
  <method>dragonNuevo</method>
  <thread>12</thread>
  <message>Creación Dragón de tipo: Capitan</message>
</record>
<record>
  <date>2018-10-26T23:51:40</date>
  <millis>1540619500668</millis>
  <sequence>55</sequence>
  <logger>bitacora.subnivel.Control</logger>
  <level>INFO</level>
  <class>bitacora.subnivel.LoggerDragon</class>
  <method>dragonNuevo</method>
  <thread>12</thread>
  <message>Creación Dragón de tipo: Comandante</message>
</record>
<record>
  <date>2018-10-26T23:51:40</date>
  <millis>1540619500668</millis>
  <sequence>56</sequence>
  <logger>bitacora.subnivel.Control</logger>
  <level>INFO</level>
  <class>bitacora.subnivel.LoggerDragon</class>
  <method>dragonNuevo</method>
  <thread>12</thread>
  <message>Creación Dragón de tipo: Infanteria</message>
</record>
<record>
  <date>2018-10-26T23:51:40</date>
  <millis>1540619500669</millis>
  <sequence>57</sequence>
  <logger>bitacora.subnivel.Control</logger>
  <level>INFO</level>
  <class>bitacora.subnivel.LoggerDragon</class>
  <method>dragonNuevo</method>
  <thread>12</thread>
  <message>Creación Dragón de tipo: Capitan</message>
</record>
<record>
  <date>2018-10-26T23:51:40</date>
  <millis>1540619500669</millis>
  <sequence>58</sequence>
  <logger>bitacora.subnivel.Control</logger>
  <level>INFO</level>
  <class>bitacora.subnivel.LoggerDragon</class>
  <method>dragonNuevo</method>
  <thread>12</thread>
  <message>Creación Dragón de tipo: Comandante</message>
</record>
<record>
  <date>2018-10-26T23:51:40</date>
  <millis>1540619500669</millis>
  <sequence>59</sequence>
  <logger>bitacora.subnivel.Control</logger>
  <level>INFO</level>
  <class>bitacora.subnivel.LoggerDragon</class>
  <method>dragonNuevo</method>
  <thread>12</thread>
  <message>Creación Dragón de tipo: Capitan</message>
</record>
<record>
  <date>2018-10-26T23:51:40</date>
  <millis>1540619500669</millis>
  <sequence>60</sequence>
  <logger>bitacora.subnivel.Control</logger>
  <level>INFO</level>
  <class>bitacora.subnivel.LoggerDragon</class>
  <method>dragonNuevo</method>
  <thread>12</thread>
  <message>Creación Dragón de tipo: Comandante</message>
</record>
<record>
  <date>2018-10-26T23:51:40</date>
  <millis>1540619500671</millis>
  <sequence>61</sequence>
  <logger>bitacora.subnivel.Control</logger>
  <level>INFO</level>
  <class>bitacora.subnivel.LoggerDragon</class>
  <method>dragonNuevo</method>
  <thread>12</thread>
  <message>Creación Dragón de tipo: Infanteria</message>
</record>
<record>
  <date>2018-10-26T23:51:40</date>
  <millis>1540619500671</millis>
  <sequence>62</sequence>
  <logger>bitacora.subnivel.Control</logger>
  <level>INFO</level>
  <class>bitacora.subnivel.LoggerDragon</class>
  <method>dragonNuevo</method>
  <thread>12</thread>
  <message>Creación Dragón de tipo: Capitan</message>
</record>
<record>
  <date>2018-10-26T23:51:40</date>
  <millis>1540619500671</millis>
  <sequence>63</sequence>
  <logger>bitacora.subnivel.Control</logger>
  <level>INFO</level>
  <class>bitacora.subnivel.LoggerDragon</class>
  <method>dragonNuevo</method>
  <thread>12</thread>
  <message>Creación Dragón de tipo: Comandante</message>
</record>
<record>
  <date>2018-10-26T23:51:49</date>
  <millis>1540619509268</millis>
  <sequence>64</sequence>
  <logger>bitacora.subnivel.Control</logger>
  <level>INFO</level>
  <class>bitacora.subnivel.LoggerDragon</class>
  <method>dragonEliminado</method>
  <thread>12</thread>
  <message>Se eliminó el Dragón: A</message>
</record>
<record>
  <date>2018-10-26T23:51:49</date>
  <millis>1540619509669</millis>
  <sequence>65</sequence>
  <logger>bitacora.subnivel.Control</logger>
  <level>INFO</level>
  <class>bitacora.subnivel.LoggerDragon</class>
  <method>dragonEliminado</method>
  <thread>12</thread>
  <message>Se eliminó el Dragón: A</message>
</record>
<record>
  <date>2018-10-26T23:51:50</date>
  <millis>1540619510558</millis>
  <sequence>66</sequence>
  <logger>bitacora.subnivel.Control</logger>
  <level>INFO</level>
  <class>bitacora.subnivel.LoggerDragon</class>
  <method>dragonEliminado</method>
  <thread>12</thread>
  <message>Se eliminó el Dragón: A</message>
</record>
<record>
  <date>2018-10-26T23:51:51</date>
  <millis>1540619511369</millis>
  <sequence>67</sequence>
  <logger>bitacora.subnivel.Control</logger>
  <level>INFO</level>
  <class>bitacora.subnivel.LoggerDragon</class>
  <method>dragonEliminado</method>
  <thread>12</thread>
  <message>Se eliminó el Dragón: A</message>
</record>
<record>
  <date>2018-10-26T23:51:52</date>
  <millis>1540619512783</millis>
  <sequence>68</sequence>
  <logger>bitacora.subnivel.Control</logger>
  <level>INFO</level>
  <class>bitacora.subnivel.LoggerDragon</class>
  <method>dragonEliminado</method>
  <thread>12</thread>
  <message>Se eliminó el Dragón: A</message>
</record>
<record>
  <date>2018-10-26T23:51:53</date>
  <millis>1540619513185</millis>
  <sequence>69</sequence>
  <logger>bitacora.subnivel.Control</logger>
  <level>INFO</level>
  <class>bitacora.subnivel.LoggerDragon</class>
  <method>dragonEliminado</method>
  <thread>12</thread>
  <message>Se eliminó el Dragón: A</message>
</record>
<record>
  <date>2018-10-26T23:51:54</date>
  <millis>1540619514657</millis>
  <sequence>70</sequence>
  <logger>bitacora.subnivel.Control</logger>
  <level>INFO</level>
  <class>bitacora.subnivel.LoggerDragon</class>
  <method>dragonEliminado</method>
  <thread>12</thread>
  <message>Se eliminó el Dragón: A</message>
</record>
<record>
  <date>2018-10-26T23:51:55</date>
  <millis>1540619515220</millis>
  <sequence>71</sequence>
  <logger>bitacora.subnivel.Control</logger>
  <level>INFO</level>
  <class>bitacora.subnivel.LoggerDragon</class>
  <method>dragonEliminado</method>
  <thread>12</thread>
  <message>Se eliminó el Dragón: A</message>
</record>
<record>
  <date>2018-10-26T23:51:55</date>
  <millis>1540619515784</millis>
  <sequence>72</sequence>
  <logger>bitacora.subnivel.Control</logger>
  <level>INFO</level>
  <class>bitacora.subnivel.LoggerDragon</class>
  <method>dragonEliminado</method>
  <thread>12</thread>
  <message>Se eliminó el Dragón: A</message>
</record>
<record>
  <date>2018-10-26T23:51:57</date>
  <millis>1540619517078</millis>
  <sequence>73</sequence>
  <logger>bitacora.subnivel.Control</logger>
  <level>INFO</level>
  <class>bitacora.subnivel.LoggerDragon</class>
  <method>dragonEliminado</method>
  <thread>12</thread>
  <message>Se eliminó el Dragón: A</message>
</record>
<record>
  <date>2018-10-26T23:51:57</date>
  <millis>1540619517572</millis>
  <sequence>74</sequence>
  <logger>bitacora.subnivel.Control</logger>
  <level>INFO</level>
  <class>bitacora.subnivel.LoggerDragon</class>
  <method>dragonEliminado</method>
  <thread>12</thread>
  <message>Se eliminó el Dragón: A</message>
</record>
<record>
  <date>2018-10-26T23:51:59</date>
  <millis>1540619519270</millis>
  <sequence>75</sequence>
  <logger>bitacora.subnivel.Control</logger>
  <level>INFO</level>
  <class>bitacora.subnivel.LoggerDragon</class>
  <method>dragonEliminado</method>
  <thread>12</thread>
  <message>Se eliminó el Dragón: A</message>
</record>
<record>
  <date>2018-10-26T23:51:59</date>
  <millis>1540619519667</millis>
  <sequence>76</sequence>
  <logger>bitacora.subnivel.Control</logger>
  <level>INFO</level>
  <class>bitacora.subnivel.LoggerDragon</class>
  <method>dragonEliminado</method>
  <thread>12</thread>
  <message>Se eliminó el Dragón: A</message>
</record>
<record>
  <date>2018-10-26T23:52:00</date>
  <millis>1540619520963</millis>
  <sequence>77</sequence>
  <logger>bitacora.subnivel.Control</logger>
  <level>INFO</level>
  <class>bitacora.subnivel.LoggerDragon</class>
  <method>dragonEliminado</method>
  <thread>12</thread>
  <message>Se eliminó el Dragón: A</message>
</record>
<record>
  <date>2018-10-26T23:52:01</date>
  <millis>1540619521815</millis>
  <sequence>78</sequence>
  <logger>bitacora.subnivel.Control</logger>
  <level>INFO</level>
  <class>bitacora.subnivel.LoggerDragon</class>
  <method>dragonEliminado</method>
  <thread>12</thread>
  <message>Se eliminó el Dragón: A</message>
</record>
</log>
